<?xml version="1.0" encoding="UTF-8"?>
<!-- Generated by org.testng.reporters.JUnitReportReporter -->
<testsuite hostname="ABHISHEK" failures="0" tests="1" name="testCases.RegisterAcctTest" time="39.227" errors="0" timestamp="2022-07-14T20:35:13 IST" skipped="0">
  <testcase classname="testCases.RegisterAcctTest" name="registersuccess" time="39.227"/>
  <system-out/>
</testsuite> <!-- testCases.RegisterAcctTest -->
