<?xml version="1.0" encoding="UTF-8"?>
<!-- Generated by org.testng.reporters.JUnitReportReporter -->
<testsuite hostname="ABHISHEK" failures="0" tests="1" name="testCases.LoginTest" time="22.487" errors="0" timestamp="2022-07-14T19:52:53 IST" skipped="0">
  <testcase classname="testCases.LoginTest" name="loginSuccess" time="22.487"/>
  <system-out/>
</testsuite> <!-- testCases.LoginTest -->
