<?xml version="1.0" encoding="UTF-8"?>
<!-- Generated by org.testng.reporters.JUnitReportReporter -->
<testsuite hostname="DESKTOP-PVDG8B3" failures="0" tests="2" name="testCases.HomePageTest" time="0.012" errors="1" timestamp="2022-07-14T17:45:04 IST" skipped="1">
  <testcase classname="testCases.HomePageTest" name="init" time="0.012">
    <error type="java.lang.StackOverflowError">
      <![CDATA[java.lang.StackOverflowError
at testCases.HomePageTest.init(HomePageTest.java:17)
at testCases.HomePageTest.init(HomePageTest.java:17)
at testCases.HomePageTest.init(HomePageTest.java:17)
at testCases.HomePageTest.init(HomePageTest.java:17)
at testCases.HomePageTest.init(HomePageTest.java:17)
at testCases.HomePageTest.init(HomePageTest.java:17)
at testCases.HomePageTest.init(HomePageTest.java:17)
at testCases.HomePageTest.init(HomePageTest.java:17)
at testCases.HomePageTest.init(HomePageTest.java:17)
at testCases.HomePageTest.init(HomePageTest.java:17)
at testCases.HomePageTest.init(HomePageTest.java:17)
at testCases.HomePageTest.init(HomePageTest.java:17)
at testCases.HomePageTest.init(HomePageTest.java:17)
at testCases.HomePageTest.init(HomePageTest.java:17)
at testCases.HomePageTest.init(HomePageTest.java:17)
at testCases.HomePageTest.init(HomePageTest.java:17)
at testCases.HomePageTest.init(HomePageTest.java:17)
at testCases.HomePageTest.init(HomePageTest.java:17)
at testCases.HomePageTest.init(HomePageTest.java:17)
at testCases.HomePageTest.init(HomePageTest.java:17)
at testCases.HomePageTest.init(HomePageTest.java:17)
at testCases.HomePageTest.init(HomePageTest.java:17)
at testCases.HomePageTest.init(HomePageTest.java:17)
at testCases.HomePageTest.init(HomePageTest.java:17)
at testCases.HomePageTest.init(HomePageTest.java:17)
at testCases.HomePageTest.init(HomePageTest.java:17)
at testCases.HomePageTest.init(HomePageTest.java:17)
at testCases.HomePageTest.init(HomePageTest.java:17)
at testCases.HomePageTest.init(HomePageTest.java:17)
at testCases.HomePageTest.init(HomePageTest.java:17)
at testCases.HomePageTest.init(HomePageTest.java:17)
at testCases.HomePageTest.init(HomePageTest.java:17)
at testCases.HomePageTest.init(HomePageTest.java:17)
at testCases.HomePageTest.init(HomePageTest.java:17)
at testCases.HomePageTest.init(HomePageTest.java:17)
at testCases.HomePageTest.init(HomePageTest.java:17)
at testCases.HomePageTest.init(HomePageTest.java:17)
at testCases.HomePageTest.init(HomePageTest.java:17)
at testCases.HomePageTest.init(HomePageTest.java:17)
at testCases.HomePageTest.init(HomePageTest.java:17)
at testCases.HomePageTest.init(HomePageTest.java:17)
at testCases.HomePageTest.init(HomePageTest.java:17)
at testCases.HomePageTest.init(HomePageTest.java:17)
at testCases.HomePageTest.init(HomePageTest.java:17)
at testCases.HomePageTest.init(HomePageTest.java:17)
at testCases.HomePageTest.init(HomePageTest.java:17)
at testCases.HomePageTest.init(HomePageTest.java:17)
at testCases.HomePageTest.init(HomePageTest.java:17)
at testCases.HomePageTest.init(HomePageTest.java:17)
at testCases.HomePageTest.init(HomePageTest.java:17)
at testCases.HomePageTest.init(HomePageTest.java:17)
at testCases.HomePageTest.init(HomePageTest.java:17)
at testCases.HomePageTest.init(HomePageTest.java:17)
at testCases.HomePageTest.init(HomePageTest.java:17)
at testCases.HomePageTest.init(HomePageTest.java:17)
at testCases.HomePageTest.init(HomePageTest.java:17)
at testCases.HomePageTest.init(HomePageTest.java:17)
at testCases.HomePageTest.init(HomePageTest.java:17)
at testCases.HomePageTest.init(HomePageTest.java:17)
at testCases.HomePageTest.init(HomePageTest.java:17)
at testCases.HomePageTest.init(HomePageTest.java:17)
at testCases.HomePageTest.init(HomePageTest.java:17)
at testCases.HomePageTest.init(HomePageTest.java:17)
at testCases.HomePageTest.init(HomePageTest.java:17)
at testCases.HomePageTest.init(HomePageTest.java:17)
at testCases.HomePageTest.init(HomePageTest.java:17)
at testCases.HomePageTest.init(HomePageTest.java:17)
at testCases.HomePageTest.init(HomePageTest.java:17)
at testCases.HomePageTest.init(HomePageTest.java:17)
at testCases.HomePageTest.init(HomePageTest.java:17)
at testCases.HomePageTest.init(HomePageTest.java:17)
at testCases.HomePageTest.init(HomePageTest.java:17)
at testCases.HomePageTest.init(HomePageTest.java:17)
at testCases.HomePageTest.init(HomePageTest.java:17)
at testCases.HomePageTest.init(HomePageTest.java:17)
at testCases.HomePageTest.init(HomePageTest.java:17)
at testCases.HomePageTest.init(HomePageTest.java:17)
at testCases.HomePageTest.init(HomePageTest.java:17)
at testCases.HomePageTest.init(HomePageTest.java:17)
at testCases.HomePageTest.init(HomePageTest.java:17)
at testCases.HomePageTest.init(HomePageTest.java:17)
at testCases.HomePageTest.init(HomePageTest.java:17)
at testCases.HomePageTest.init(HomePageTest.java:17)
at testCases.HomePageTest.init(HomePageTest.java:17)
at testCases.HomePageTest.init(HomePageTest.java:17)
at testCases.HomePageTest.init(HomePageTest.java:17)
at testCases.HomePageTest.init(HomePageTest.java:17)
at testCases.HomePageTest.init(HomePageTest.java:17)
at testCases.HomePageTest.init(HomePageTest.java:17)
at testCases.HomePageTest.init(HomePageTest.java:17)
at testCases.HomePageTest.init(HomePageTest.java:17)
at testCases.HomePageTest.init(HomePageTest.java:17)
at testCases.HomePageTest.init(HomePageTest.java:17)
at testCases.HomePageTest.init(HomePageTest.java:17)
at testCases.HomePageTest.init(HomePageTest.java:17)
at testCases.HomePageTest.init(HomePageTest.java:17)
at testCases.HomePageTest.init(HomePageTest.java:17)
at testCases.HomePageTest.init(HomePageTest.java:17)
at testCases.HomePageTest.init(HomePageTest.java:17)
at testCases.HomePageTest.init(HomePageTest.java:17)
at testCases.HomePageTest.init(HomePageTest.java:17)
at testCases.HomePageTest.init(HomePageTest.java:17)
at testCases.HomePageTest.init(HomePageTest.java:17)
at testCases.HomePageTest.init(HomePageTest.java:17)
at testCases.HomePageTest.init(HomePageTest.java:17)
at testCases.HomePageTest.init(HomePageTest.java:17)
at testCases.HomePageTest.init(HomePageTest.java:17)
at testCases.HomePageTest.init(HomePageTest.java:17)
at testCases.HomePageTest.init(HomePageTest.java:17)
at testCases.HomePageTest.init(HomePageTest.java:17)
at testCases.HomePageTest.init(HomePageTest.java:17)
at testCases.HomePageTest.init(HomePageTest.java:17)
at testCases.HomePageTest.init(HomePageTest.java:17)
at testCases.HomePageTest.init(HomePageTest.java:17)
at testCases.HomePageTest.init(HomePageTest.java:17)
at testCases.HomePageTest.init(HomePageTest.java:17)
at testCases.HomePageTest.init(HomePageTest.java:17)
at testCases.HomePageTest.init(HomePageTest.java:17)
at testCases.HomePageTest.init(HomePageTest.java:17)
at testCases.HomePageTest.init(HomePageTest.java:17)
at testCases.HomePageTest.init(HomePageTest.java:17)
at testCases.HomePageTest.init(HomePageTest.java:17)
at testCases.HomePageTest.init(HomePageTest.java:17)
at testCases.HomePageTest.init(HomePageTest.java:17)
at testCases.HomePageTest.init(HomePageTest.java:17)
at testCases.HomePageTest.init(HomePageTest.java:17)
at testCases.HomePageTest.init(HomePageTest.java:17)
at testCases.HomePageTest.init(HomePageTest.java:17)
at testCases.HomePageTest.init(HomePageTest.java:17)
at testCases.HomePageTest.init(HomePageTest.java:17)
at testCases.HomePageTest.init(HomePageTest.java:17)
at testCases.HomePageTest.init(HomePageTest.java:17)
at testCases.HomePageTest.init(HomePageTest.java:17)
at testCases.HomePageTest.init(HomePageTest.java:17)
at testCases.HomePageTest.init(HomePageTest.java:17)
at testCases.HomePageTest.init(HomePageTest.java:17)
at testCases.HomePageTest.init(HomePageTest.java:17)
at testCases.HomePageTest.init(HomePageTest.java:17)
at testCases.HomePageTest.init(HomePageTest.java:17)
at testCases.HomePageTest.init(HomePageTest.java:17)
at testCases.HomePageTest.init(HomePageTest.java:17)
at testCases.HomePageTest.init(HomePageTest.java:17)
at testCases.HomePageTest.init(HomePageTest.java:17)
at testCases.HomePageTest.init(HomePageTest.java:17)
at testCases.HomePageTest.init(HomePageTest.java:17)
at testCases.HomePageTest.init(HomePageTest.java:17)
at testCases.HomePageTest.init(HomePageTest.java:17)
at testCases.HomePageTest.init(HomePageTest.java:17)
at testCases.HomePageTest.init(HomePageTest.java:17)
at testCases.HomePageTest.init(HomePageTest.java:17)
at testCases.HomePageTest.init(HomePageTest.java:17)
at testCases.HomePageTest.init(HomePageTest.java:17)
at testCases.HomePageTest.init(HomePageTest.java:17)
at testCases.HomePageTest.init(HomePageTest.java:17)
at testCases.HomePageTest.init(HomePageTest.java:17)
at testCases.HomePageTest.init(HomePageTest.java:17)
at testCases.HomePageTest.init(HomePageTest.java:17)
at testCases.HomePageTest.init(HomePageTest.java:17)
at testCases.HomePageTest.init(HomePageTest.java:17)
at testCases.HomePageTest.init(HomePageTest.java:17)
at testCases.HomePageTest.init(HomePageTest.java:17)
at testCases.HomePageTest.init(HomePageTest.java:17)
at testCases.HomePageTest.init(HomePageTest.java:17)
at testCases.HomePageTest.init(HomePageTest.java:17)
at testCases.HomePageTest.init(HomePageTest.java:17)
at testCases.HomePageTest.init(HomePageTest.java:17)
at testCases.HomePageTest.init(HomePageTest.java:17)
at testCases.HomePageTest.init(HomePageTest.java:17)
at testCases.HomePageTest.init(HomePageTest.java:17)
at testCases.HomePageTest.init(HomePageTest.java:17)
at testCases.HomePageTest.init(HomePageTest.java:17)
at testCases.HomePageTest.init(HomePageTest.java:17)
at testCases.HomePageTest.init(HomePageTest.java:17)
at testCases.HomePageTest.init(HomePageTest.java:17)
at testCases.HomePageTest.init(HomePageTest.java:17)
at testCases.HomePageTest.init(HomePageTest.java:17)
at testCases.HomePageTest.init(HomePageTest.java:17)
at testCases.HomePageTest.init(HomePageTest.java:17)
at testCases.HomePageTest.init(HomePageTest.java:17)
at testCases.HomePageTest.init(HomePageTest.java:17)
at testCases.HomePageTest.init(HomePageTest.java:17)
at testCases.HomePageTest.init(HomePageTest.java:17)
at testCases.HomePageTest.init(HomePageTest.java:17)
at testCases.HomePageTest.init(HomePageTest.java:17)
at testCases.HomePageTest.init(HomePageTest.java:17)
at testCases.HomePageTest.init(HomePageTest.java:17)
at testCases.HomePageTest.init(HomePageTest.java:17)
at testCases.HomePageTest.init(HomePageTest.java:17)
at testCases.HomePageTest.init(HomePageTest.java:17)
at testCases.HomePageTest.init(HomePageTest.java:17)
at testCases.HomePageTest.init(HomePageTest.java:17)
at testCases.HomePageTest.init(HomePageTest.java:17)
at testCases.HomePageTest.init(HomePageTest.java:17)
at testCases.HomePageTest.init(HomePageTest.java:17)
at testCases.HomePageTest.init(HomePageTest.java:17)
at testCases.HomePageTest.init(HomePageTest.java:17)
at testCases.HomePageTest.init(HomePageTest.java:17)
at testCases.HomePageTest.init(HomePageTest.java:17)
at testCases.HomePageTest.init(HomePageTest.java:17)
at testCases.HomePageTest.init(HomePageTest.java:17)
at testCases.HomePageTest.init(HomePageTest.java:17)
at testCases.HomePageTest.init(HomePageTest.java:17)
at testCases.HomePageTest.init(HomePageTest.java:17)
at testCases.HomePageTest.init(HomePageTest.java:17)
at testCases.HomePageTest.init(HomePageTest.java:17)
at testCases.HomePageTest.init(HomePageTest.java:17)
at testCases.HomePageTest.init(HomePageTest.java:17)
at testCases.HomePageTest.init(HomePageTest.java:17)
at testCases.HomePageTest.init(HomePageTest.java:17)
at testCases.HomePageTest.init(HomePageTest.java:17)
at testCases.HomePageTest.init(HomePageTest.java:17)
at testCases.HomePageTest.init(HomePageTest.java:17)
at testCases.HomePageTest.init(HomePageTest.java:17)
at testCases.HomePageTest.init(HomePageTest.java:17)
at testCases.HomePageTest.init(HomePageTest.java:17)
at testCases.HomePageTest.init(HomePageTest.java:17)
at testCases.HomePageTest.init(HomePageTest.java:17)
at testCases.HomePageTest.init(HomePageTest.java:17)
at testCases.HomePageTest.init(HomePageTest.java:17)
at testCases.HomePageTest.init(HomePageTest.java:17)
at testCases.HomePageTest.init(HomePageTest.java:17)
at testCases.HomePageTest.init(HomePageTest.java:17)
at testCases.HomePageTest.init(HomePageTest.java:17)
at testCases.HomePageTest.init(HomePageTest.java:17)
at testCases.HomePageTest.init(HomePageTest.java:17)
at testCases.HomePageTest.init(HomePageTest.java:17)
at testCases.HomePageTest.init(HomePageTest.java:17)
at testCases.HomePageTest.init(HomePageTest.java:17)
at testCases.HomePageTest.init(HomePageTest.java:17)
at testCases.HomePageTest.init(HomePageTest.java:17)
at testCases.HomePageTest.init(HomePageTest.java:17)
at testCases.HomePageTest.init(HomePageTest.java:17)
at testCases.HomePageTest.init(HomePageTest.java:17)
at testCases.HomePageTest.init(HomePageTest.java:17)
at testCases.HomePageTest.init(HomePageTest.java:17)
at testCases.HomePageTest.init(HomePageTest.java:17)
at testCases.HomePageTest.init(HomePageTest.java:17)
at testCases.HomePageTest.init(HomePageTest.java:17)
at testCases.HomePageTest.init(HomePageTest.java:17)
at testCases.HomePageTest.init(HomePageTest.java:17)
at testCases.HomePageTest.init(HomePageTest.java:17)
at testCases.HomePageTest.init(HomePageTest.java:17)
at testCases.HomePageTest.init(HomePageTest.java:17)
at testCases.HomePageTest.init(HomePageTest.java:17)
at testCases.HomePageTest.init(HomePageTest.java:17)
at testCases.HomePageTest.init(HomePageTest.java:17)
at testCases.HomePageTest.init(HomePageTest.java:17)
at testCases.HomePageTest.init(HomePageTest.java:17)
at testCases.HomePageTest.init(HomePageTest.java:17)
at testCases.HomePageTest.init(HomePageTest.java:17)
at testCases.HomePageTest.init(HomePageTest.java:17)
at testCases.HomePageTest.init(HomePageTest.java:17)
at testCases.HomePageTest.init(HomePageTest.java:17)
at testCases.HomePageTest.init(HomePageTest.java:17)
at testCases.HomePageTest.init(HomePageTest.java:17)
at testCases.HomePageTest.init(HomePageTest.java:17)
at testCases.HomePageTest.init(HomePageTest.java:17)
at testCases.HomePageTest.init(HomePageTest.java:17)
at testCases.HomePageTest.init(HomePageTest.java:17)
at testCases.HomePageTest.init(HomePageTest.java:17)
at testCases.HomePageTest.init(HomePageTest.java:17)
at testCases.HomePageTest.init(HomePageTest.java:17)
at testCases.HomePageTest.init(HomePageTest.java:17)
at testCases.HomePageTest.init(HomePageTest.java:17)
at testCases.HomePageTest.init(HomePageTest.java:17)
at testCases.HomePageTest.init(HomePageTest.java:17)
at testCases.HomePageTest.init(HomePageTest.java:17)
at testCases.HomePageTest.init(HomePageTest.java:17)
at testCases.HomePageTest.init(HomePageTest.java:17)
at testCases.HomePageTest.init(HomePageTest.java:17)
at testCases.HomePageTest.init(HomePageTest.java:17)
at testCases.HomePageTest.init(HomePageTest.java:17)
at testCases.HomePageTest.init(HomePageTest.java:17)
at testCases.HomePageTest.init(HomePageTest.java:17)
at testCases.HomePageTest.init(HomePageTest.java:17)
at testCases.HomePageTest.init(HomePageTest.java:17)
at testCases.HomePageTest.init(HomePageTest.java:17)
at testCases.HomePageTest.init(HomePageTest.java:17)
at testCases.HomePageTest.init(HomePageTest.java:17)
at testCases.HomePageTest.init(HomePageTest.java:17)
at testCases.HomePageTest.init(HomePageTest.java:17)
at testCases.HomePageTest.init(HomePageTest.java:17)
at testCases.HomePageTest.init(HomePageTest.java:17)
at testCases.HomePageTest.init(HomePageTest.java:17)
at testCases.HomePageTest.init(HomePageTest.java:17)
at testCases.HomePageTest.init(HomePageTest.java:17)
at testCases.HomePageTest.init(HomePageTest.java:17)
at testCases.HomePageTest.init(HomePageTest.java:17)
at testCases.HomePageTest.init(HomePageTest.java:17)
at testCases.HomePageTest.init(HomePageTest.java:17)
at testCases.HomePageTest.init(HomePageTest.java:17)
at testCases.HomePageTest.init(HomePageTest.java:17)
at testCases.HomePageTest.init(HomePageTest.java:17)
at testCases.HomePageTest.init(HomePageTest.java:17)
at testCases.HomePageTest.init(HomePageTest.java:17)
at testCases.HomePageTest.init(HomePageTest.java:17)
at testCases.HomePageTest.init(HomePageTest.java:17)
at testCases.HomePageTest.init(HomePageTest.java:17)
at testCases.HomePageTest.init(HomePageTest.java:17)
at testCases.HomePageTest.init(HomePageTest.java:17)
at testCases.HomePageTest.init(HomePageTest.java:17)
at testCases.HomePageTest.init(HomePageTest.java:17)
at testCases.HomePageTest.init(HomePageTest.java:17)
at testCases.HomePageTest.init(HomePageTest.java:17)
at testCases.HomePageTest.init(HomePageTest.java:17)
at testCases.HomePageTest.init(HomePageTest.java:17)
at testCases.HomePageTest.init(HomePageTest.java:17)
at testCases.HomePageTest.init(HomePageTest.java:17)
at testCases.HomePageTest.init(HomePageTest.java:17)
at testCases.HomePageTest.init(HomePageTest.java:17)
at testCases.HomePageTest.init(HomePageTest.java:17)
at testCases.HomePageTest.init(HomePageTest.java:17)
at testCases.HomePageTest.init(HomePageTest.java:17)
at testCases.HomePageTest.init(HomePageTest.java:17)
at testCases.HomePageTest.init(HomePageTest.java:17)
at testCases.HomePageTest.init(HomePageTest.java:17)
at testCases.HomePageTest.init(HomePageTest.java:17)
at testCases.HomePageTest.init(HomePageTest.java:17)
at testCases.HomePageTest.init(HomePageTest.java:17)
at testCases.HomePageTest.init(HomePageTest.java:17)
at testCases.HomePageTest.init(HomePageTest.java:17)
at testCases.HomePageTest.init(HomePageTest.java:17)
at testCases.HomePageTest.init(HomePageTest.java:17)
at testCases.HomePageTest.init(HomePageTest.java:17)
at testCases.HomePageTest.init(HomePageTest.java:17)
at testCases.HomePageTest.init(HomePageTest.java:17)
at testCases.HomePageTest.init(HomePageTest.java:17)
at testCases.HomePageTest.init(HomePageTest.java:17)
at testCases.HomePageTest.init(HomePageTest.java:17)
at testCases.HomePageTest.init(HomePageTest.java:17)
at testCases.HomePageTest.init(HomePageTest.java:17)
at testCases.HomePageTest.init(HomePageTest.java:17)
at testCases.HomePageTest.init(HomePageTest.java:17)
at testCases.HomePageTest.init(HomePageTest.java:17)
at testCases.HomePageTest.init(HomePageTest.java:17)
at testCases.HomePageTest.init(HomePageTest.java:17)
at testCases.HomePageTest.init(HomePageTest.java:17)
at testCases.HomePageTest.init(HomePageTest.java:17)
at testCases.HomePageTest.init(HomePageTest.java:17)
at testCases.HomePageTest.init(HomePageTest.java:17)
at testCases.HomePageTest.init(HomePageTest.java:17)
at testCases.HomePageTest.init(HomePageTest.java:17)
at testCases.HomePageTest.init(HomePageTest.java:17)
at testCases.HomePageTest.init(HomePageTest.java:17)
at testCases.HomePageTest.init(HomePageTest.java:17)
at testCases.HomePageTest.init(HomePageTest.java:17)
at testCases.HomePageTest.init(HomePageTest.java:17)
at testCases.HomePageTest.init(HomePageTest.java:17)
at testCases.HomePageTest.init(HomePageTest.java:17)
at testCases.HomePageTest.init(HomePageTest.java:17)
at testCases.HomePageTest.init(HomePageTest.java:17)
at testCases.HomePageTest.init(HomePageTest.java:17)
at testCases.HomePageTest.init(HomePageTest.java:17)
at testCases.HomePageTest.init(HomePageTest.java:17)
at testCases.HomePageTest.init(HomePageTest.java:17)
at testCases.HomePageTest.init(HomePageTest.java:17)
at testCases.HomePageTest.init(HomePageTest.java:17)
at testCases.HomePageTest.init(HomePageTest.java:17)
at testCases.HomePageTest.init(HomePageTest.java:17)
at testCases.HomePageTest.init(HomePageTest.java:17)
at testCases.HomePageTest.init(HomePageTest.java:17)
at testCases.HomePageTest.init(HomePageTest.java:17)
at testCases.HomePageTest.init(HomePageTest.java:17)
at testCases.HomePageTest.init(HomePageTest.java:17)
at testCases.HomePageTest.init(HomePageTest.java:17)
at testCases.HomePageTest.init(HomePageTest.java:17)
at testCases.HomePageTest.init(HomePageTest.java:17)
at testCases.HomePageTest.init(HomePageTest.java:17)
at testCases.HomePageTest.init(HomePageTest.java:17)
at testCases.HomePageTest.init(HomePageTest.java:17)
at testCases.HomePageTest.init(HomePageTest.java:17)
at testCases.HomePageTest.init(HomePageTest.java:17)
at testCases.HomePageTest.init(HomePageTest.java:17)
at testCases.HomePageTest.init(HomePageTest.java:17)
at testCases.HomePageTest.init(HomePageTest.java:17)
at testCases.HomePageTest.init(HomePageTest.java:17)
at testCases.HomePageTest.init(HomePageTest.java:17)
at testCases.HomePageTest.init(HomePageTest.java:17)
at testCases.HomePageTest.init(HomePageTest.java:17)
at testCases.HomePageTest.init(HomePageTest.java:17)
at testCases.HomePageTest.init(HomePageTest.java:17)
at testCases.HomePageTest.init(HomePageTest.java:17)
at testCases.HomePageTest.init(HomePageTest.java:17)
at testCases.HomePageTest.init(HomePageTest.java:17)
at testCases.HomePageTest.init(HomePageTest.java:17)
at testCases.HomePageTest.init(HomePageTest.java:17)
at testCases.HomePageTest.init(HomePageTest.java:17)
at testCases.HomePageTest.init(HomePageTest.java:17)
at testCases.HomePageTest.init(HomePageTest.java:17)
at testCases.HomePageTest.init(HomePageTest.java:17)
at testCases.HomePageTest.init(HomePageTest.java:17)
at testCases.HomePageTest.init(HomePageTest.java:17)
at testCases.HomePageTest.init(HomePageTest.java:17)
at testCases.HomePageTest.init(HomePageTest.java:17)
at testCases.HomePageTest.init(HomePageTest.java:17)
at testCases.HomePageTest.init(HomePageTest.java:17)
at testCases.HomePageTest.init(HomePageTest.java:17)
at testCases.HomePageTest.init(HomePageTest.java:17)
at testCases.HomePageTest.init(HomePageTest.java:17)
at testCases.HomePageTest.init(HomePageTest.java:17)
at testCases.HomePageTest.init(HomePageTest.java:17)
at testCases.HomePageTest.init(HomePageTest.java:17)
at testCases.HomePageTest.init(HomePageTest.java:17)
at testCases.HomePageTest.init(HomePageTest.java:17)
at testCases.HomePageTest.init(HomePageTest.java:17)
at testCases.HomePageTest.init(HomePageTest.java:17)
at testCases.HomePageTest.init(HomePageTest.java:17)
at testCases.HomePageTest.init(HomePageTest.java:17)
at testCases.HomePageTest.init(HomePageTest.java:17)
at testCases.HomePageTest.init(HomePageTest.java:17)
at testCases.HomePageTest.init(HomePageTest.java:17)
at testCases.HomePageTest.init(HomePageTest.java:17)
at testCases.HomePageTest.init(HomePageTest.java:17)
at testCases.HomePageTest.init(HomePageTest.java:17)
at testCases.HomePageTest.init(HomePageTest.java:17)
at testCases.HomePageTest.init(HomePageTest.java:17)
at testCases.HomePageTest.init(HomePageTest.java:17)
at testCases.HomePageTest.init(HomePageTest.java:17)
at testCases.HomePageTest.init(HomePageTest.java:17)
at testCases.HomePageTest.init(HomePageTest.java:17)
at testCases.HomePageTest.init(HomePageTest.java:17)
at testCases.HomePageTest.init(HomePageTest.java:17)
at testCases.HomePageTest.init(HomePageTest.java:17)
at testCases.HomePageTest.init(HomePageTest.java:17)
at testCases.HomePageTest.init(HomePageTest.java:17)
at testCases.HomePageTest.init(HomePageTest.java:17)
at testCases.HomePageTest.init(HomePageTest.java:17)
at testCases.HomePageTest.init(HomePageTest.java:17)
at testCases.HomePageTest.init(HomePageTest.java:17)
at testCases.HomePageTest.init(HomePageTest.java:17)
at testCases.HomePageTest.init(HomePageTest.java:17)
at testCases.HomePageTest.init(HomePageTest.java:17)
at testCases.HomePageTest.init(HomePageTest.java:17)
at testCases.HomePageTest.init(HomePageTest.java:17)
at testCases.HomePageTest.init(HomePageTest.java:17)
at testCases.HomePageTest.init(HomePageTest.java:17)
at testCases.HomePageTest.init(HomePageTest.java:17)
at testCases.HomePageTest.init(HomePageTest.java:17)
at testCases.HomePageTest.init(HomePageTest.java:17)
at testCases.HomePageTest.init(HomePageTest.java:17)
at testCases.HomePageTest.init(HomePageTest.java:17)
at testCases.HomePageTest.init(HomePageTest.java:17)
at testCases.HomePageTest.init(HomePageTest.java:17)
at testCases.HomePageTest.init(HomePageTest.java:17)
at testCases.HomePageTest.init(HomePageTest.java:17)
at testCases.HomePageTest.init(HomePageTest.java:17)
at testCases.HomePageTest.init(HomePageTest.java:17)
at testCases.HomePageTest.init(HomePageTest.java:17)
at testCases.HomePageTest.init(HomePageTest.java:17)
at testCases.HomePageTest.init(HomePageTest.java:17)
at testCases.HomePageTest.init(HomePageTest.java:17)
at testCases.HomePageTest.init(HomePageTest.java:17)
at testCases.HomePageTest.init(HomePageTest.java:17)
at testCases.HomePageTest.init(HomePageTest.java:17)
at testCases.HomePageTest.init(HomePageTest.java:17)
at testCases.HomePageTest.init(HomePageTest.java:17)
at testCases.HomePageTest.init(HomePageTest.java:17)
at testCases.HomePageTest.init(HomePageTest.java:17)
at testCases.HomePageTest.init(HomePageTest.java:17)
at testCases.HomePageTest.init(HomePageTest.java:17)
at testCases.HomePageTest.init(HomePageTest.java:17)
at testCases.HomePageTest.init(HomePageTest.java:17)
at testCases.HomePageTest.init(HomePageTest.java:17)
at testCases.HomePageTest.init(HomePageTest.java:17)
at testCases.HomePageTest.init(HomePageTest.java:17)
at testCases.HomePageTest.init(HomePageTest.java:17)
at testCases.HomePageTest.init(HomePageTest.java:17)
at testCases.HomePageTest.init(HomePageTest.java:17)
at testCases.HomePageTest.init(HomePageTest.java:17)
at testCases.HomePageTest.init(HomePageTest.java:17)
at testCases.HomePageTest.init(HomePageTest.java:17)
at testCases.HomePageTest.init(HomePageTest.java:17)
at testCases.HomePageTest.init(HomePageTest.java:17)
at testCases.HomePageTest.init(HomePageTest.java:17)
at testCases.HomePageTest.init(HomePageTest.java:17)
at testCases.HomePageTest.init(HomePageTest.java:17)
at testCases.HomePageTest.init(HomePageTest.java:17)
at testCases.HomePageTest.init(HomePageTest.java:17)
at testCases.HomePageTest.init(HomePageTest.java:17)
at testCases.HomePageTest.init(HomePageTest.java:17)
at testCases.HomePageTest.init(HomePageTest.java:17)
at testCases.HomePageTest.init(HomePageTest.java:17)
at testCases.HomePageTest.init(HomePageTest.java:17)
at testCases.HomePageTest.init(HomePageTest.java:17)
at testCases.HomePageTest.init(HomePageTest.java:17)
at testCases.HomePageTest.init(HomePageTest.java:17)
at testCases.HomePageTest.init(HomePageTest.java:17)
at testCases.HomePageTest.init(HomePageTest.java:17)
at testCases.HomePageTest.init(HomePageTest.java:17)
at testCases.HomePageTest.init(HomePageTest.java:17)
at testCases.HomePageTest.init(HomePageTest.java:17)
at testCases.HomePageTest.init(HomePageTest.java:17)
at testCases.HomePageTest.init(HomePageTest.java:17)
at testCases.HomePageTest.init(HomePageTest.java:17)
at testCases.HomePageTest.init(HomePageTest.java:17)
at testCases.HomePageTest.init(HomePageTest.java:17)
at testCases.HomePageTest.init(HomePageTest.java:17)
at testCases.HomePageTest.init(HomePageTest.java:17)
at testCases.HomePageTest.init(HomePageTest.java:17)
at testCases.HomePageTest.init(HomePageTest.java:17)
at testCases.HomePageTest.init(HomePageTest.java:17)
at testCases.HomePageTest.init(HomePageTest.java:17)
at testCases.HomePageTest.init(HomePageTest.java:17)
at testCases.HomePageTest.init(HomePageTest.java:17)
at testCases.HomePageTest.init(HomePageTest.java:17)
at testCases.HomePageTest.init(HomePageTest.java:17)
at testCases.HomePageTest.init(HomePageTest.java:17)
at testCases.HomePageTest.init(HomePageTest.java:17)
at testCases.HomePageTest.init(HomePageTest.java:17)
at testCases.HomePageTest.init(HomePageTest.java:17)
at testCases.HomePageTest.init(HomePageTest.java:17)
at testCases.HomePageTest.init(HomePageTest.java:17)
at testCases.HomePageTest.init(HomePageTest.java:17)
at testCases.HomePageTest.init(HomePageTest.java:17)
at testCases.HomePageTest.init(HomePageTest.java:17)
at testCases.HomePageTest.init(HomePageTest.java:17)
at testCases.HomePageTest.init(HomePageTest.java:17)
at testCases.HomePageTest.init(HomePageTest.java:17)
at testCases.HomePageTest.init(HomePageTest.java:17)
at testCases.HomePageTest.init(HomePageTest.java:17)
at testCases.HomePageTest.init(HomePageTest.java:17)
at testCases.HomePageTest.init(HomePageTest.java:17)
at testCases.HomePageTest.init(HomePageTest.java:17)
at testCases.HomePageTest.init(HomePageTest.java:17)
at testCases.HomePageTest.init(HomePageTest.java:17)
at testCases.HomePageTest.init(HomePageTest.java:17)
at testCases.HomePageTest.init(HomePageTest.java:17)
at testCases.HomePageTest.init(HomePageTest.java:17)
at testCases.HomePageTest.init(HomePageTest.java:17)
at testCases.HomePageTest.init(HomePageTest.java:17)
at testCases.HomePageTest.init(HomePageTest.java:17)
at testCases.HomePageTest.init(HomePageTest.java:17)
at testCases.HomePageTest.init(HomePageTest.java:17)
at testCases.HomePageTest.init(HomePageTest.java:17)
at testCases.HomePageTest.init(HomePageTest.java:17)
at testCases.HomePageTest.init(HomePageTest.java:17)
at testCases.HomePageTest.init(HomePageTest.java:17)
at testCases.HomePageTest.init(HomePageTest.java:17)
at testCases.HomePageTest.init(HomePageTest.java:17)
at testCases.HomePageTest.init(HomePageTest.java:17)
at testCases.HomePageTest.init(HomePageTest.java:17)
at testCases.HomePageTest.init(HomePageTest.java:17)
at testCases.HomePageTest.init(HomePageTest.java:17)
at testCases.HomePageTest.init(HomePageTest.java:17)
at testCases.HomePageTest.init(HomePageTest.java:17)
at testCases.HomePageTest.init(HomePageTest.java:17)
at testCases.HomePageTest.init(HomePageTest.java:17)
at testCases.HomePageTest.init(HomePageTest.java:17)
at testCases.HomePageTest.init(HomePageTest.java:17)
at testCases.HomePageTest.init(HomePageTest.java:17)
at testCases.HomePageTest.init(HomePageTest.java:17)
at testCases.HomePageTest.init(HomePageTest.java:17)
at testCases.HomePageTest.init(HomePageTest.java:17)
at testCases.HomePageTest.init(HomePageTest.java:17)
at testCases.HomePageTest.init(HomePageTest.java:17)
at testCases.HomePageTest.init(HomePageTest.java:17)
at testCases.HomePageTest.init(HomePageTest.java:17)
at testCases.HomePageTest.init(HomePageTest.java:17)
at testCases.HomePageTest.init(HomePageTest.java:17)
at testCases.HomePageTest.init(HomePageTest.java:17)
at testCases.HomePageTest.init(HomePageTest.java:17)
at testCases.HomePageTest.init(HomePageTest.java:17)
at testCases.HomePageTest.init(HomePageTest.java:17)
at testCases.HomePageTest.init(HomePageTest.java:17)
at testCases.HomePageTest.init(HomePageTest.java:17)
at testCases.HomePageTest.init(HomePageTest.java:17)
at testCases.HomePageTest.init(HomePageTest.java:17)
at testCases.HomePageTest.init(HomePageTest.java:17)
at testCases.HomePageTest.init(HomePageTest.java:17)
at testCases.HomePageTest.init(HomePageTest.java:17)
at testCases.HomePageTest.init(HomePageTest.java:17)
at testCases.HomePageTest.init(HomePageTest.java:17)
at testCases.HomePageTest.init(HomePageTest.java:17)
at testCases.HomePageTest.init(HomePageTest.java:17)
at testCases.HomePageTest.init(HomePageTest.java:17)
at testCases.HomePageTest.init(HomePageTest.java:17)
at testCases.HomePageTest.init(HomePageTest.java:17)
at testCases.HomePageTest.init(HomePageTest.java:17)
at testCases.HomePageTest.init(HomePageTest.java:17)
at testCases.HomePageTest.init(HomePageTest.java:17)
at testCases.HomePageTest.init(HomePageTest.java:17)
at testCases.HomePageTest.init(HomePageTest.java:17)
at testCases.HomePageTest.init(HomePageTest.java:17)
at testCases.HomePageTest.init(HomePageTest.java:17)
at testCases.HomePageTest.init(HomePageTest.java:17)
at testCases.HomePageTest.init(HomePageTest.java:17)
at testCases.HomePageTest.init(HomePageTest.java:17)
at testCases.HomePageTest.init(HomePageTest.java:17)
at testCases.HomePageTest.init(HomePageTest.java:17)
at testCases.HomePageTest.init(HomePageTest.java:17)
at testCases.HomePageTest.init(HomePageTest.java:17)
at testCases.HomePageTest.init(HomePageTest.java:17)
at testCases.HomePageTest.init(HomePageTest.java:17)
at testCases.HomePageTest.init(HomePageTest.java:17)
at testCases.HomePageTest.init(HomePageTest.java:17)
at testCases.HomePageTest.init(HomePageTest.java:17)
at testCases.HomePageTest.init(HomePageTest.java:17)
at testCases.HomePageTest.init(HomePageTest.java:17)
at testCases.HomePageTest.init(HomePageTest.java:17)
at testCases.HomePageTest.init(HomePageTest.java:17)
at testCases.HomePageTest.init(HomePageTest.java:17)
at testCases.HomePageTest.init(HomePageTest.java:17)
at testCases.HomePageTest.init(HomePageTest.java:17)
at testCases.HomePageTest.init(HomePageTest.java:17)
at testCases.HomePageTest.init(HomePageTest.java:17)
at testCases.HomePageTest.init(HomePageTest.java:17)
at testCases.HomePageTest.init(HomePageTest.java:17)
at testCases.HomePageTest.init(HomePageTest.java:17)
at testCases.HomePageTest.init(HomePageTest.java:17)
at testCases.HomePageTest.init(HomePageTest.java:17)
at testCases.HomePageTest.init(HomePageTest.java:17)
at testCases.HomePageTest.init(HomePageTest.java:17)
at testCases.HomePageTest.init(HomePageTest.java:17)
at testCases.HomePageTest.init(HomePageTest.java:17)
at testCases.HomePageTest.init(HomePageTest.java:17)
at testCases.HomePageTest.init(HomePageTest.java:17)
at testCases.HomePageTest.init(HomePageTest.java:17)
at testCases.HomePageTest.init(HomePageTest.java:17)
at testCases.HomePageTest.init(HomePageTest.java:17)
at testCases.HomePageTest.init(HomePageTest.java:17)
at testCases.HomePageTest.init(HomePageTest.java:17)
at testCases.HomePageTest.init(HomePageTest.java:17)
at testCases.HomePageTest.init(HomePageTest.java:17)
at testCases.HomePageTest.init(HomePageTest.java:17)
at testCases.HomePageTest.init(HomePageTest.java:17)
at testCases.HomePageTest.init(HomePageTest.java:17)
at testCases.HomePageTest.init(HomePageTest.java:17)
at testCases.HomePageTest.init(HomePageTest.java:17)
at testCases.HomePageTest.init(HomePageTest.java:17)
at testCases.HomePageTest.init(HomePageTest.java:17)
at testCases.HomePageTest.init(HomePageTest.java:17)
at testCases.HomePageTest.init(HomePageTest.java:17)
at testCases.HomePageTest.init(HomePageTest.java:17)
at testCases.HomePageTest.init(HomePageTest.java:17)
at testCases.HomePageTest.init(HomePageTest.java:17)
at testCases.HomePageTest.init(HomePageTest.java:17)
at testCases.HomePageTest.init(HomePageTest.java:17)
at testCases.HomePageTest.init(HomePageTest.java:17)
at testCases.HomePageTest.init(HomePageTest.java:17)
at testCases.HomePageTest.init(HomePageTest.java:17)
at testCases.HomePageTest.init(HomePageTest.java:17)
at testCases.HomePageTest.init(HomePageTest.java:17)
at testCases.HomePageTest.init(HomePageTest.java:17)
at testCases.HomePageTest.init(HomePageTest.java:17)
at testCases.HomePageTest.init(HomePageTest.java:17)
at testCases.HomePageTest.init(HomePageTest.java:17)
at testCases.HomePageTest.init(HomePageTest.java:17)
at testCases.HomePageTest.init(HomePageTest.java:17)
at testCases.HomePageTest.init(HomePageTest.java:17)
at testCases.HomePageTest.init(HomePageTest.java:17)
at testCases.HomePageTest.init(HomePageTest.java:17)
at testCases.HomePageTest.init(HomePageTest.java:17)
at testCases.HomePageTest.init(HomePageTest.java:17)
at testCases.HomePageTest.init(HomePageTest.java:17)
at testCases.HomePageTest.init(HomePageTest.java:17)
at testCases.HomePageTest.init(HomePageTest.java:17)
at testCases.HomePageTest.init(HomePageTest.java:17)
at testCases.HomePageTest.init(HomePageTest.java:17)
at testCases.HomePageTest.init(HomePageTest.java:17)
at testCases.HomePageTest.init(HomePageTest.java:17)
at testCases.HomePageTest.init(HomePageTest.java:17)
at testCases.HomePageTest.init(HomePageTest.java:17)
at testCases.HomePageTest.init(HomePageTest.java:17)
at testCases.HomePageTest.init(HomePageTest.java:17)
at testCases.HomePageTest.init(HomePageTest.java:17)
at testCases.HomePageTest.init(HomePageTest.java:17)
at testCases.HomePageTest.init(HomePageTest.java:17)
at testCases.HomePageTest.init(HomePageTest.java:17)
at testCases.HomePageTest.init(HomePageTest.java:17)
at testCases.HomePageTest.init(HomePageTest.java:17)
at testCases.HomePageTest.init(HomePageTest.java:17)
at testCases.HomePageTest.init(HomePageTest.java:17)
at testCases.HomePageTest.init(HomePageTest.java:17)
at testCases.HomePageTest.init(HomePageTest.java:17)
at testCases.HomePageTest.init(HomePageTest.java:17)
at testCases.HomePageTest.init(HomePageTest.java:17)
at testCases.HomePageTest.init(HomePageTest.java:17)
at testCases.HomePageTest.init(HomePageTest.java:17)
at testCases.HomePageTest.init(HomePageTest.java:17)
at testCases.HomePageTest.init(HomePageTest.java:17)
at testCases.HomePageTest.init(HomePageTest.java:17)
at testCases.HomePageTest.init(HomePageTest.java:17)
at testCases.HomePageTest.init(HomePageTest.java:17)
at testCases.HomePageTest.init(HomePageTest.java:17)
at testCases.HomePageTest.init(HomePageTest.java:17)
at testCases.HomePageTest.init(HomePageTest.java:17)
at testCases.HomePageTest.init(HomePageTest.java:17)
at testCases.HomePageTest.init(HomePageTest.java:17)
at testCases.HomePageTest.init(HomePageTest.java:17)
at testCases.HomePageTest.init(HomePageTest.java:17)
at testCases.HomePageTest.init(HomePageTest.java:17)
at testCases.HomePageTest.init(HomePageTest.java:17)
at testCases.HomePageTest.init(HomePageTest.java:17)
at testCases.HomePageTest.init(HomePageTest.java:17)
at testCases.HomePageTest.init(HomePageTest.java:17)
at testCases.HomePageTest.init(HomePageTest.java:17)
at testCases.HomePageTest.init(HomePageTest.java:17)
at testCases.HomePageTest.init(HomePageTest.java:17)
at testCases.HomePageTest.init(HomePageTest.java:17)
at testCases.HomePageTest.init(HomePageTest.java:17)
at testCases.HomePageTest.init(HomePageTest.java:17)
at testCases.HomePageTest.init(HomePageTest.java:17)
at testCases.HomePageTest.init(HomePageTest.java:17)
at testCases.HomePageTest.init(HomePageTest.java:17)
at testCases.HomePageTest.init(HomePageTest.java:17)
at testCases.HomePageTest.init(HomePageTest.java:17)
at testCases.HomePageTest.init(HomePageTest.java:17)
at testCases.HomePageTest.init(HomePageTest.java:17)
at testCases.HomePageTest.init(HomePageTest.java:17)
at testCases.HomePageTest.init(HomePageTest.java:17)
at testCases.HomePageTest.init(HomePageTest.java:17)
at testCases.HomePageTest.init(HomePageTest.java:17)
at testCases.HomePageTest.init(HomePageTest.java:17)
at testCases.HomePageTest.init(HomePageTest.java:17)
at testCases.HomePageTest.init(HomePageTest.java:17)
at testCases.HomePageTest.init(HomePageTest.java:17)
at testCases.HomePageTest.init(HomePageTest.java:17)
at testCases.HomePageTest.init(HomePageTest.java:17)
at testCases.HomePageTest.init(HomePageTest.java:17)
at testCases.HomePageTest.init(HomePageTest.java:17)
at testCases.HomePageTest.init(HomePageTest.java:17)
at testCases.HomePageTest.init(HomePageTest.java:17)
at testCases.HomePageTest.init(HomePageTest.java:17)
at testCases.HomePageTest.init(HomePageTest.java:17)
at testCases.HomePageTest.init(HomePageTest.java:17)
at testCases.HomePageTest.init(HomePageTest.java:17)
at testCases.HomePageTest.init(HomePageTest.java:17)
at testCases.HomePageTest.init(HomePageTest.java:17)
at testCases.HomePageTest.init(HomePageTest.java:17)
at testCases.HomePageTest.init(HomePageTest.java:17)
at testCases.HomePageTest.init(HomePageTest.java:17)
at testCases.HomePageTest.init(HomePageTest.java:17)
at testCases.HomePageTest.init(HomePageTest.java:17)
at testCases.HomePageTest.init(HomePageTest.java:17)
at testCases.HomePageTest.init(HomePageTest.java:17)
at testCases.HomePageTest.init(HomePageTest.java:17)
at testCases.HomePageTest.init(HomePageTest.java:17)
at testCases.HomePageTest.init(HomePageTest.java:17)
at testCases.HomePageTest.init(HomePageTest.java:17)
at testCases.HomePageTest.init(HomePageTest.java:17)
at testCases.HomePageTest.init(HomePageTest.java:17)
at testCases.HomePageTest.init(HomePageTest.java:17)
at testCases.HomePageTest.init(HomePageTest.java:17)
at testCases.HomePageTest.init(HomePageTest.java:17)
at testCases.HomePageTest.init(HomePageTest.java:17)
at testCases.HomePageTest.init(HomePageTest.java:17)
at testCases.HomePageTest.init(HomePageTest.java:17)
at testCases.HomePageTest.init(HomePageTest.java:17)
at testCases.HomePageTest.init(HomePageTest.java:17)
at testCases.HomePageTest.init(HomePageTest.java:17)
at testCases.HomePageTest.init(HomePageTest.java:17)
at testCases.HomePageTest.init(HomePageTest.java:17)
at testCases.HomePageTest.init(HomePageTest.java:17)
at testCases.HomePageTest.init(HomePageTest.java:17)
at testCases.HomePageTest.init(HomePageTest.java:17)
at testCases.HomePageTest.init(HomePageTest.java:17)
at testCases.HomePageTest.init(HomePageTest.java:17)
at testCases.HomePageTest.init(HomePageTest.java:17)
at testCases.HomePageTest.init(HomePageTest.java:17)
at testCases.HomePageTest.init(HomePageTest.java:17)
at testCases.HomePageTest.init(HomePageTest.java:17)
at testCases.HomePageTest.init(HomePageTest.java:17)
at testCases.HomePageTest.init(HomePageTest.java:17)
at testCases.HomePageTest.init(HomePageTest.java:17)
at testCases.HomePageTest.init(HomePageTest.java:17)
at testCases.HomePageTest.init(HomePageTest.java:17)
at testCases.HomePageTest.init(HomePageTest.java:17)
at testCases.HomePageTest.init(HomePageTest.java:17)
at testCases.HomePageTest.init(HomePageTest.java:17)
at testCases.HomePageTest.init(HomePageTest.java:17)
at testCases.HomePageTest.init(HomePageTest.java:17)
at testCases.HomePageTest.init(HomePageTest.java:17)
at testCases.HomePageTest.init(HomePageTest.java:17)
at testCases.HomePageTest.init(HomePageTest.java:17)
at testCases.HomePageTest.init(HomePageTest.java:17)
at testCases.HomePageTest.init(HomePageTest.java:17)
at testCases.HomePageTest.init(HomePageTest.java:17)
at testCases.HomePageTest.init(HomePageTest.java:17)
at testCases.HomePageTest.init(HomePageTest.java:17)
at testCases.HomePageTest.init(HomePageTest.java:17)
at testCases.HomePageTest.init(HomePageTest.java:17)
at testCases.HomePageTest.init(HomePageTest.java:17)
at testCases.HomePageTest.init(HomePageTest.java:17)
at testCases.HomePageTest.init(HomePageTest.java:17)
at testCases.HomePageTest.init(HomePageTest.java:17)
at testCases.HomePageTest.init(HomePageTest.java:17)
at testCases.HomePageTest.init(HomePageTest.java:17)
at testCases.HomePageTest.init(HomePageTest.java:17)
at testCases.HomePageTest.init(HomePageTest.java:17)
at testCases.HomePageTest.init(HomePageTest.java:17)
at testCases.HomePageTest.init(HomePageTest.java:17)
at testCases.HomePageTest.init(HomePageTest.java:17)
at testCases.HomePageTest.init(HomePageTest.java:17)
at testCases.HomePageTest.init(HomePageTest.java:17)
at testCases.HomePageTest.init(HomePageTest.java:17)
at testCases.HomePageTest.init(HomePageTest.java:17)
at testCases.HomePageTest.init(HomePageTest.java:17)
at testCases.HomePageTest.init(HomePageTest.java:17)
at testCases.HomePageTest.init(HomePageTest.java:17)
at testCases.HomePageTest.init(HomePageTest.java:17)
at testCases.HomePageTest.init(HomePageTest.java:17)
at testCases.HomePageTest.init(HomePageTest.java:17)
at testCases.HomePageTest.init(HomePageTest.java:17)
at testCases.HomePageTest.init(HomePageTest.java:17)
at testCases.HomePageTest.init(HomePageTest.java:17)
at testCases.HomePageTest.init(HomePageTest.java:17)
at testCases.HomePageTest.init(HomePageTest.java:17)
at testCases.HomePageTest.init(HomePageTest.java:17)
at testCases.HomePageTest.init(HomePageTest.java:17)
at testCases.HomePageTest.init(HomePageTest.java:17)
at testCases.HomePageTest.init(HomePageTest.java:17)
at testCases.HomePageTest.init(HomePageTest.java:17)
at testCases.HomePageTest.init(HomePageTest.java:17)
at testCases.HomePageTest.init(HomePageTest.java:17)
at testCases.HomePageTest.init(HomePageTest.java:17)
at testCases.HomePageTest.init(HomePageTest.java:17)
at testCases.HomePageTest.init(HomePageTest.java:17)
at testCases.HomePageTest.init(HomePageTest.java:17)
at testCases.HomePageTest.init(HomePageTest.java:17)
at testCases.HomePageTest.init(HomePageTest.java:17)
at testCases.HomePageTest.init(HomePageTest.java:17)
at testCases.HomePageTest.init(HomePageTest.java:17)
at testCases.HomePageTest.init(HomePageTest.java:17)
at testCases.HomePageTest.init(HomePageTest.java:17)
at testCases.HomePageTest.init(HomePageTest.java:17)
at testCases.HomePageTest.init(HomePageTest.java:17)
at testCases.HomePageTest.init(HomePageTest.java:17)
at testCases.HomePageTest.init(HomePageTest.java:17)
at testCases.HomePageTest.init(HomePageTest.java:17)
at testCases.HomePageTest.init(HomePageTest.java:17)
at testCases.HomePageTest.init(HomePageTest.java:17)
at testCases.HomePageTest.init(HomePageTest.java:17)
at testCases.HomePageTest.init(HomePageTest.java:17)
at testCases.HomePageTest.init(HomePageTest.java:17)
at testCases.HomePageTest.init(HomePageTest.java:17)
at testCases.HomePageTest.init(HomePageTest.java:17)
at testCases.HomePageTest.init(HomePageTest.java:17)
at testCases.HomePageTest.init(HomePageTest.java:17)
at testCases.HomePageTest.init(HomePageTest.java:17)
at testCases.HomePageTest.init(HomePageTest.java:17)
at testCases.HomePageTest.init(HomePageTest.java:17)
at testCases.HomePageTest.init(HomePageTest.java:17)
at testCases.HomePageTest.init(HomePageTest.java:17)
at testCases.HomePageTest.init(HomePageTest.java:17)
at testCases.HomePageTest.init(HomePageTest.java:17)
at testCases.HomePageTest.init(HomePageTest.java:17)
at testCases.HomePageTest.init(HomePageTest.java:17)
at testCases.HomePageTest.init(HomePageTest.java:17)
at testCases.HomePageTest.init(HomePageTest.java:17)
at testCases.HomePageTest.init(HomePageTest.java:17)
at testCases.HomePageTest.init(HomePageTest.java:17)
at testCases.HomePageTest.init(HomePageTest.java:17)
at testCases.HomePageTest.init(HomePageTest.java:17)
at testCases.HomePageTest.init(HomePageTest.java:17)
at testCases.HomePageTest.init(HomePageTest.java:17)
at testCases.HomePageTest.init(HomePageTest.java:17)
at testCases.HomePageTest.init(HomePageTest.java:17)
at testCases.HomePageTest.init(HomePageTest.java:17)
at testCases.HomePageTest.init(HomePageTest.java:17)
at testCases.HomePageTest.init(HomePageTest.java:17)
at testCases.HomePageTest.init(HomePageTest.java:17)
at testCases.HomePageTest.init(HomePageTest.java:17)
at testCases.HomePageTest.init(HomePageTest.java:17)
at testCases.HomePageTest.init(HomePageTest.java:17)
at testCases.HomePageTest.init(HomePageTest.java:17)
at testCases.HomePageTest.init(HomePageTest.java:17)
at testCases.HomePageTest.init(HomePageTest.java:17)
at testCases.HomePageTest.init(HomePageTest.java:17)
at testCases.HomePageTest.init(HomePageTest.java:17)
at testCases.HomePageTest.init(HomePageTest.java:17)
at testCases.HomePageTest.init(HomePageTest.java:17)
at testCases.HomePageTest.init(HomePageTest.java:17)
at testCases.HomePageTest.init(HomePageTest.java:17)
at testCases.HomePageTest.init(HomePageTest.java:17)
at testCases.HomePageTest.init(HomePageTest.java:17)
at testCases.HomePageTest.init(HomePageTest.java:17)
at testCases.HomePageTest.init(HomePageTest.java:17)
at testCases.HomePageTest.init(HomePageTest.java:17)
at testCases.HomePageTest.init(HomePageTest.java:17)
at testCases.HomePageTest.init(HomePageTest.java:17)
at testCases.HomePageTest.init(HomePageTest.java:17)
at testCases.HomePageTest.init(HomePageTest.java:17)
at testCases.HomePageTest.init(HomePageTest.java:17)
at testCases.HomePageTest.init(HomePageTest.java:17)
at testCases.HomePageTest.init(HomePageTest.java:17)
at testCases.HomePageTest.init(HomePageTest.java:17)
at testCases.HomePageTest.init(HomePageTest.java:17)
at testCases.HomePageTest.init(HomePageTest.java:17)
at testCases.HomePageTest.init(HomePageTest.java:17)
at testCases.HomePageTest.init(HomePageTest.java:17)
at testCases.HomePageTest.init(HomePageTest.java:17)
at testCases.HomePageTest.init(HomePageTest.java:17)
at testCases.HomePageTest.init(HomePageTest.java:17)
at testCases.HomePageTest.init(HomePageTest.java:17)
at testCases.HomePageTest.init(HomePageTest.java:17)
at testCases.HomePageTest.init(HomePageTest.java:17)
at testCases.HomePageTest.init(HomePageTest.java:17)
at testCases.HomePageTest.init(HomePageTest.java:17)
at testCases.HomePageTest.init(HomePageTest.java:17)
at testCases.HomePageTest.init(HomePageTest.java:17)
at testCases.HomePageTest.init(HomePageTest.java:17)
at testCases.HomePageTest.init(HomePageTest.java:17)
at testCases.HomePageTest.init(HomePageTest.java:17)
at testCases.HomePageTest.init(HomePageTest.java:17)
at testCases.HomePageTest.init(HomePageTest.java:17)
at testCases.HomePageTest.init(HomePageTest.java:17)
at testCases.HomePageTest.init(HomePageTest.java:17)
at testCases.HomePageTest.init(HomePageTest.java:17)
at testCases.HomePageTest.init(HomePageTest.java:17)
at testCases.HomePageTest.init(HomePageTest.java:17)
at testCases.HomePageTest.init(HomePageTest.java:17)
at testCases.HomePageTest.init(HomePageTest.java:17)
at testCases.HomePageTest.init(HomePageTest.java:17)
at testCases.HomePageTest.init(HomePageTest.java:17)
at testCases.HomePageTest.init(HomePageTest.java:17)
at testCases.HomePageTest.init(HomePageTest.java:17)
at testCases.HomePageTest.init(HomePageTest.java:17)
at testCases.HomePageTest.init(HomePageTest.java:17)
at testCases.HomePageTest.init(HomePageTest.java:17)
at testCases.HomePageTest.init(HomePageTest.java:17)
at testCases.HomePageTest.init(HomePageTest.java:17)
at testCases.HomePageTest.init(HomePageTest.java:17)
at testCases.HomePageTest.init(HomePageTest.java:17)
at testCases.HomePageTest.init(HomePageTest.java:17)
at testCases.HomePageTest.init(HomePageTest.java:17)
at testCases.HomePageTest.init(HomePageTest.java:17)
at testCases.HomePageTest.init(HomePageTest.java:17)
at testCases.HomePageTest.init(HomePageTest.java:17)
at testCases.HomePageTest.init(HomePageTest.java:17)
at testCases.HomePageTest.init(HomePageTest.java:17)
at testCases.HomePageTest.init(HomePageTest.java:17)
at testCases.HomePageTest.init(HomePageTest.java:17)
at testCases.HomePageTest.init(HomePageTest.java:17)
at testCases.HomePageTest.init(HomePageTest.java:17)
at testCases.HomePageTest.init(HomePageTest.java:17)
at testCases.HomePageTest.init(HomePageTest.java:17)
at testCases.HomePageTest.init(HomePageTest.java:17)
at testCases.HomePageTest.init(HomePageTest.java:17)
at testCases.HomePageTest.init(HomePageTest.java:17)
at testCases.HomePageTest.init(HomePageTest.java:17)
at testCases.HomePageTest.init(HomePageTest.java:17)
at testCases.HomePageTest.init(HomePageTest.java:17)
at testCases.HomePageTest.init(HomePageTest.java:17)
at testCases.HomePageTest.init(HomePageTest.java:17)
at testCases.HomePageTest.init(HomePageTest.java:17)
at testCases.HomePageTest.init(HomePageTest.java:17)
at testCases.HomePageTest.init(HomePageTest.java:17)
at testCases.HomePageTest.init(HomePageTest.java:17)
at testCases.HomePageTest.init(HomePageTest.java:17)
at testCases.HomePageTest.init(HomePageTest.java:17)
at testCases.HomePageTest.init(HomePageTest.java:17)
at testCases.HomePageTest.init(HomePageTest.java:17)
at testCases.HomePageTest.init(HomePageTest.java:17)
at testCases.HomePageTest.init(HomePageTest.java:17)
at testCases.HomePageTest.init(HomePageTest.java:17)
at testCases.HomePageTest.init(HomePageTest.java:17)
at testCases.HomePageTest.init(HomePageTest.java:17)
at testCases.HomePageTest.init(HomePageTest.java:17)
at testCases.HomePageTest.init(HomePageTest.java:17)
at testCases.HomePageTest.init(HomePageTest.java:17)
at testCases.HomePageTest.init(HomePageTest.java:17)
at testCases.HomePageTest.init(HomePageTest.java:17)
at testCases.HomePageTest.init(HomePageTest.java:17)
at testCases.HomePageTest.init(HomePageTest.java:17)
at testCases.HomePageTest.init(HomePageTest.java:17)
at testCases.HomePageTest.init(HomePageTest.java:17)
at testCases.HomePageTest.init(HomePageTest.java:17)
at testCases.HomePageTest.init(HomePageTest.java:17)
at testCases.HomePageTest.init(HomePageTest.java:17)
at testCases.HomePageTest.init(HomePageTest.java:17)
at testCases.HomePageTest.init(HomePageTest.java:17)
at testCases.HomePageTest.init(HomePageTest.java:17)
at testCases.HomePageTest.init(HomePageTest.java:17)
at testCases.HomePageTest.init(HomePageTest.java:17)
at testCases.HomePageTest.init(HomePageTest.java:17)
at testCases.HomePageTest.init(HomePageTest.java:17)
at testCases.HomePageTest.init(HomePageTest.java:17)
at testCases.HomePageTest.init(HomePageTest.java:17)
at testCases.HomePageTest.init(HomePageTest.java:17)
at testCases.HomePageTest.init(HomePageTest.java:17)
at testCases.HomePageTest.init(HomePageTest.java:17)
at testCases.HomePageTest.init(HomePageTest.java:17)
at testCases.HomePageTest.init(HomePageTest.java:17)
at testCases.HomePageTest.init(HomePageTest.java:17)
at testCases.HomePageTest.init(HomePageTest.java:17)
at testCases.HomePageTest.init(HomePageTest.java:17)
at testCases.HomePageTest.init(HomePageTest.java:17)
at testCases.HomePageTest.init(HomePageTest.java:17)
at testCases.HomePageTest.init(HomePageTest.java:17)
at testCases.HomePageTest.init(HomePageTest.java:17)
at testCases.HomePageTest.init(HomePageTest.java:17)
at testCases.HomePageTest.init(HomePageTest.java:17)
at testCases.HomePageTest.init(HomePageTest.java:17)
at testCases.HomePageTest.init(HomePageTest.java:17)
at testCases.HomePageTest.init(HomePageTest.java:17)
at testCases.HomePageTest.init(HomePageTest.java:17)
at testCases.HomePageTest.init(HomePageTest.java:17)
at testCases.HomePageTest.init(HomePageTest.java:17)
at testCases.HomePageTest.init(HomePageTest.java:17)
at testCases.HomePageTest.init(HomePageTest.java:17)
at testCases.HomePageTest.init(HomePageTest.java:17)
at testCases.HomePageTest.init(HomePageTest.java:17)
at testCases.HomePageTest.init(HomePageTest.java:17)
at testCases.HomePageTest.init(HomePageTest.java:17)
at testCases.HomePageTest.init(HomePageTest.java:17)
at testCases.HomePageTest.init(HomePageTest.java:17)
at testCases.HomePageTest.init(HomePageTest.java:17)
at testCases.HomePageTest.init(HomePageTest.java:17)
at testCases.HomePageTest.init(HomePageTest.java:17)
at testCases.HomePageTest.init(HomePageTest.java:17)
at testCases.HomePageTest.init(HomePageTest.java:17)
at testCases.HomePageTest.init(HomePageTest.java:17)
at testCases.HomePageTest.init(HomePageTest.java:17)
at testCases.HomePageTest.init(HomePageTest.java:17)
at testCases.HomePageTest.init(HomePageTest.java:17)
at testCases.HomePageTest.init(HomePageTest.java:17)
at testCases.HomePageTest.init(HomePageTest.java:17)
at testCases.HomePageTest.init(HomePageTest.java:17)
at testCases.HomePageTest.init(HomePageTest.java:17)
at testCases.HomePageTest.init(HomePageTest.java:17)
at testCases.HomePageTest.init(HomePageTest.java:17)
at testCases.HomePageTest.init(HomePageTest.java:17)
at testCases.HomePageTest.init(HomePageTest.java:17)
at testCases.HomePageTest.init(HomePageTest.java:17)
]]>
    </error>
  </testcase> <!-- init -->
  <system-out/>
  <testcase classname="testCases.HomePageTest" name="homePageElementsTest" time="0.000">
    <skipped/>
  </testcase> <!-- homePageElementsTest -->
  <system-out/>
</testsuite> <!-- testCases.HomePageTest -->
