<?xml version="1.0" encoding="UTF-8"?>
<!-- Generated by org.testng.reporters.JUnitReportReporter -->
<testsuite hostname="ABHISHEK" failures="0" tests="1" name="testCases.RegisterAcctTest" time="31.297" errors="0" timestamp="2022-07-14T19:46:06 IST" skipped="0">
  <testcase classname="testCases.RegisterAcctTest" name="registersuccess" time="31.297"/>
  <system-out/>
</testsuite> <!-- testCases.RegisterAcctTest -->
